[debug] [2021-08-27T13:49:01.518Z] ----------------------------------------------------------------------
[debug] [2021-08-27T13:49:01.520Z] Command:       /Users/saioa/.nvm/versions/node/v14.5.0/bin/node /Users/saioa/.nvm/versions/node/v14.5.0/bin/firebase init
[debug] [2021-08-27T13:49:01.520Z] CLI Version:   9.16.6
[debug] [2021-08-27T13:49:01.520Z] Platform:      darwin
[debug] [2021-08-27T13:49:01.520Z] Node Version:  v14.5.0
[debug] [2021-08-27T13:49:01.523Z] Time:          Fri Aug 27 2021 15:49:01 GMT+0200 (hora de verano de Europa central)
[debug] [2021-08-27T13:49:01.523Z] ----------------------------------------------------------------------
[debug] 
[debug] [2021-08-27T13:49:01.578Z] > command requires scopes: ["email","openid","https://www.googleapis.com/auth/cloudplatformprojects.readonly","https://www.googleapis.com/auth/firebase","https://www.googleapis.com/auth/cloud-platform"]
[debug] [2021-08-27T13:49:01.579Z] > authorizing via signed-in user (saioacoder@gmail.com)
[info] 
     ######## #### ########  ######## ########     ###     ######  ########
     ##        ##  ##     ## ##       ##     ##  ##   ##  ##       ##
     ######    ##  ########  ######   ########  #########  ######  ######
     ##        ##  ##    ##  ##       ##     ## ##     ##       ## ##
     ##       #### ##     ## ######## ########  ##     ##  ######  ########

You're about to initialize a Firebase project in this directory:

  /Users/saioa/Documents/React projects/PicaPlan

Before we get started, keep in mind:

  * You are initializing within an existing Firebase project directory

